2020.12.09 08:06:31 INFO  Started: Metals version 0.9.7 in workspace '/home/mzak/Workspace/AoC2020_Scala/9_day' for client vscode.
2020.12.09 08:06:33 INFO  time: initialize in 1.76s
2020.12.09 08:06:40 WARN  Build server is not auto-connectable.
2020.12.09 08:06:40 WARN  no build tool detected in workspace '/home/mzak/Workspace/AoC2020_Scala/9_day'. The most common cause for this problem is that the editor was opened in the wrong working directory, for example if you use sbt then the workspace directory should contain build.sbt. 
2020.12.09 08:06:40 WARN  no build target for: /home/mzak/Workspace/AoC2020_Scala/9_day/1_task.scala
2020.12.09 08:06:43 INFO  no build target: using presentation compiler with only scala-library
Dec 09, 2020 8:06:43 AM org.eclipse.lsp4j.jsonrpc.RemoteEndpoint handleCancellation
WARNING: Unmatched cancel notification for request id 1
Dec 09, 2020 8:06:43 AM org.eclipse.lsp4j.jsonrpc.RemoteEndpoint handleCancellation
WARNING: Unmatched cancel notification for request id 5
Dec 09, 2020 8:06:43 AM org.eclipse.lsp4j.jsonrpc.RemoteEndpoint handleCancellation
WARNING: Unmatched cancel notification for request id 6
Dec 09, 2020 8:06:43 AM org.eclipse.lsp4j.jsonrpc.RemoteEndpoint handleCancellation
WARNING: Unmatched cancel notification for request id 9
Dec 09, 2020 8:06:43 AM org.eclipse.lsp4j.jsonrpc.RemoteEndpoint handleCancellation
WARNING: Unmatched cancel notification for request id 4
Dec 09, 2020 8:06:43 AM org.eclipse.lsp4j.jsonrpc.RemoteEndpoint handleCancellation
WARNING: Unmatched cancel notification for request id 14
Dec 09, 2020 8:06:43 AM org.eclipse.lsp4j.jsonrpc.RemoteEndpoint handleCancellation
WARNING: Unmatched cancel notification for request id 13
2020.12.09 08:06:45 WARN  no build target for: /home/mzak/Workspace/AoC2020_Scala/9_day/1_task.scala
something's wrong: no file:///home/mzak/Workspace/AoC2020_Scala/9_day/1_task.scala in Array[String]RangePosition(file:///home/mzak/Workspace/AoC2020_Scala/9_day/1_task.scala, 131, 131, 144)
2020.12.09 08:06:56 WARN  no build tool detected in workspace '/home/mzak/Workspace/AoC2020_Scala/9_day'. The most common cause for this problem is that the editor was opened in the wrong working directory, for example if you use sbt then the workspace directory should contain build.sbt. 
2020.12.09 08:06:56 WARN  no build tool detected in workspace '/home/mzak/Workspace/AoC2020_Scala/9_day'. The most common cause for this problem is that the editor was opened in the wrong working directory, for example if you use sbt then the workspace directory should contain build.sbt. 
2020.12.09 08:06:56 WARN  no build tool detected in workspace '/home/mzak/Workspace/AoC2020_Scala/9_day'. The most common cause for this problem is that the editor was opened in the wrong working directory, for example if you use sbt then the workspace directory should contain build.sbt. 
2020.12.09 08:06:56 WARN  no build tool detected in workspace '/home/mzak/Workspace/AoC2020_Scala/9_day'. The most common cause for this problem is that the editor was opened in the wrong working directory, for example if you use sbt then the workspace directory should contain build.sbt. 
2020.12.09 08:06:58 WARN  no build target for: /home/mzak/Workspace/AoC2020_Scala/9_day/1_task.scala
2020.12.09 08:07:05 WARN  no build target for: /home/mzak/Workspace/AoC2020_Scala/9_day/1_task.scala
2020.12.09 08:07:05 WARN  no build tool detected in workspace '/home/mzak/Workspace/AoC2020_Scala/9_day'. The most common cause for this problem is that the editor was opened in the wrong working directory, for example if you use sbt then the workspace directory should contain build.sbt. 
something's wrong: no file:///home/mzak/Workspace/AoC2020_Scala/9_day/1_task.scala in Array[String]RangePosition(file:///home/mzak/Workspace/AoC2020_Scala/9_day/1_task.scala, 131, 131, 144)
2020.12.09 08:12:40 WARN  no build target for: /home/mzak/Workspace/AoC2020_Scala/9_day/1_task.scala
2020.12.09 08:13:01 WARN  no build target for: /home/mzak/Workspace/AoC2020_Scala/9_day/1_task.scala
2020.12.09 08:14:25 WARN  no build target for: /home/mzak/Workspace/AoC2020_Scala/9_day/1_task.scala
2020.12.09 08:14:57 WARN  no build target for: /home/mzak/Workspace/AoC2020_Scala/9_day/1_task.scala
2020.12.09 08:15:10 WARN  no build target for: /home/mzak/Workspace/AoC2020_Scala/9_day/1_task.scala
2020.12.09 08:15:44 WARN  no build target for: /home/mzak/Workspace/AoC2020_Scala/9_day/1_task.scala
2020.12.09 08:17:04 WARN  no build target for: /home/mzak/Workspace/AoC2020_Scala/9_day/1_task.scala
2020.12.09 08:17:33 WARN  no build target for: /home/mzak/Workspace/AoC2020_Scala/9_day/1_task.scala
2020.12.09 08:17:35 WARN  no build target for: /home/mzak/Workspace/AoC2020_Scala/9_day/1_task.scala
2020.12.09 08:18:01 WARN  no build target for: /home/mzak/Workspace/AoC2020_Scala/9_day/1_task.scala
2020.12.09 08:18:29 WARN  no build tool detected in workspace '/home/mzak/Workspace/AoC2020_Scala/9_day'. The most common cause for this problem is that the editor was opened in the wrong working directory, for example if you use sbt then the workspace directory should contain build.sbt. 
2020.12.09 08:18:29 WARN  no build target for: /home/mzak/Workspace/AoC2020_Scala/9_day/1_task.scala
2020.12.09 08:18:33 WARN  no build target for: /home/mzak/Workspace/AoC2020_Scala/9_day/1_task.scala
2020.12.09 08:19:55 WARN  no build target for: /home/mzak/Workspace/AoC2020_Scala/9_day/1_task.scala
2020.12.09 08:19:55 WARN  no build tool detected in workspace '/home/mzak/Workspace/AoC2020_Scala/9_day'. The most common cause for this problem is that the editor was opened in the wrong working directory, for example if you use sbt then the workspace directory should contain build.sbt. 
2020.12.09 08:20:03 WARN  no build target for: /home/mzak/Workspace/AoC2020_Scala/9_day/2_task.scala
2020.12.09 08:20:06 WARN  no build tool detected in workspace '/home/mzak/Workspace/AoC2020_Scala/9_day'. The most common cause for this problem is that the editor was opened in the wrong working directory, for example if you use sbt then the workspace directory should contain build.sbt. 
2020.12.09 08:20:06 WARN  no build tool detected in workspace '/home/mzak/Workspace/AoC2020_Scala/9_day'. The most common cause for this problem is that the editor was opened in the wrong working directory, for example if you use sbt then the workspace directory should contain build.sbt. 
2020.12.09 08:20:08 WARN  no build tool detected in workspace '/home/mzak/Workspace/AoC2020_Scala/9_day'. The most common cause for this problem is that the editor was opened in the wrong working directory, for example if you use sbt then the workspace directory should contain build.sbt. 
2020.12.09 08:20:08 WARN  no build tool detected in workspace '/home/mzak/Workspace/AoC2020_Scala/9_day'. The most common cause for this problem is that the editor was opened in the wrong working directory, for example if you use sbt then the workspace directory should contain build.sbt. 
2020.12.09 08:20:08 WARN  no build target for: /home/mzak/Workspace/AoC2020_Scala/9_day/2_task.scala
2020.12.09 08:22:55 WARN  no build target for: /home/mzak/Workspace/AoC2020_Scala/9_day/2_task.scala
2020.12.09 08:24:48 WARN  no build target for: /home/mzak/Workspace/AoC2020_Scala/9_day/2_task.scala
2020.12.09 08:24:54 WARN  no build target for: /home/mzak/Workspace/AoC2020_Scala/9_day/2_task.scala
2020.12.09 08:24:58 WARN  no build tool detected in workspace '/home/mzak/Workspace/AoC2020_Scala/9_day'. The most common cause for this problem is that the editor was opened in the wrong working directory, for example if you use sbt then the workspace directory should contain build.sbt. 
2020.12.09 08:24:58 WARN  no build target for: /home/mzak/Workspace/AoC2020_Scala/9_day/2_task.scala
2020.12.09 08:25:18 WARN  no build target for: /home/mzak/Workspace/AoC2020_Scala/9_day/2_task.scala
2020.12.09 08:27:04 WARN  no build tool detected in workspace '/home/mzak/Workspace/AoC2020_Scala/9_day'. The most common cause for this problem is that the editor was opened in the wrong working directory, for example if you use sbt then the workspace directory should contain build.sbt. 
2020.12.09 08:27:04 WARN  no build tool detected in workspace '/home/mzak/Workspace/AoC2020_Scala/9_day'. The most common cause for this problem is that the editor was opened in the wrong working directory, for example if you use sbt then the workspace directory should contain build.sbt. 
2020.12.09 08:27:39 WARN  no build target for: /home/mzak/Workspace/AoC2020_Scala/9_day/2_task.scala
2020.12.09 08:28:13 WARN  no build target for: /home/mzak/Workspace/AoC2020_Scala/9_day/2_task.scala
2020.12.09 08:28:32 WARN  no build target for: /home/mzak/Workspace/AoC2020_Scala/9_day/2_task.scala
2020.12.09 08:28:32 WARN  no build tool detected in workspace '/home/mzak/Workspace/AoC2020_Scala/9_day'. The most common cause for this problem is that the editor was opened in the wrong working directory, for example if you use sbt then the workspace directory should contain build.sbt. 
2020.12.09 08:29:00 WARN  no build target for: /home/mzak/Workspace/AoC2020_Scala/9_day/2_task.scala
2020.12.09 08:29:04 WARN  no build target for: /home/mzak/Workspace/AoC2020_Scala/9_day/2_task.scala
2020.12.09 08:29:39 WARN  no build target for: /home/mzak/Workspace/AoC2020_Scala/9_day/2_task.scala
2020.12.09 08:29:39 WARN  no build target for: /home/mzak/Workspace/AoC2020_Scala/9_day/2_task.scala
2020.12.09 08:30:36 WARN  no build target for: /home/mzak/Workspace/AoC2020_Scala/9_day/2_task.scala
2020.12.09 08:30:49 WARN  no build target for: /home/mzak/Workspace/AoC2020_Scala/9_day/2_task.scala
2020.12.09 08:31:34 WARN  no build target for: /home/mzak/Workspace/AoC2020_Scala/9_day/2_task.scala
2020.12.09 08:31:39 WARN  no build target for: /home/mzak/Workspace/AoC2020_Scala/9_day/2_task.scala
2020.12.09 08:32:13 WARN  no build target for: /home/mzak/Workspace/AoC2020_Scala/9_day/2_task.scala
2020.12.09 08:33:22 WARN  no build target for: /home/mzak/Workspace/AoC2020_Scala/9_day/2_task.scala
2020.12.09 08:34:43 WARN  no build target for: /home/mzak/Workspace/AoC2020_Scala/9_day/2_task.scala
2020.12.09 08:34:45 WARN  no build target for: /home/mzak/Workspace/AoC2020_Scala/9_day/2_task.scala
2020.12.09 08:34:59 WARN  no build target for: /home/mzak/Workspace/AoC2020_Scala/9_day/2_task.scala
2020.12.09 08:35:09 WARN  no build target for: /home/mzak/Workspace/AoC2020_Scala/9_day/2_task.scala
2020.12.09 08:35:09 WARN  no build tool detected in workspace '/home/mzak/Workspace/AoC2020_Scala/9_day'. The most common cause for this problem is that the editor was opened in the wrong working directory, for example if you use sbt then the workspace directory should contain build.sbt. 
2020.12.09 08:35:21 WARN  no build tool detected in workspace '/home/mzak/Workspace/AoC2020_Scala/9_day'. The most common cause for this problem is that the editor was opened in the wrong working directory, for example if you use sbt then the workspace directory should contain build.sbt. 
2020.12.09 08:35:23 WARN  no build target for: /home/mzak/Workspace/AoC2020_Scala/9_day/2_task.scala
2020.12.09 09:33:31 INFO  shutting down Metals
